生成启动时间为 2023/8/18 13:01:07。
     1>项目“D:\c++\vs\职工管理系统\职工管理系统\职工管理系统.vcxproj”在节点 2 上(build 个目标)。
     1>InitializeBuildStatus:
         正在创建“Debug\职工管理系统.unsuccessfulbuild”，因为已指定“AlwaysCreate”。
       ClCompile:
         d:\Program Files (x86)\Microsoft Visual Studio 10.0\VC\bin\CL.exe /c /ZI /nologo /W3 /WX- /Od /Oy- /D _UNICODE /D UNICODE /Gm /EHsc /RTC1 /MDd /GS /fp:precise /Zc:wchar_t /Zc:forScope /Fo"Debug\\" /Fd"Debug\vc100.pdb" /Gd /TP /analyze- /errorReport:prompt meun.cpp
         meun.cpp
       Link:
         d:\Program Files (x86)\Microsoft Visual Studio 10.0\VC\bin\link.exe /ERRORREPORT:PROMPT /OUT:"D:\c++\vs\职工管理系统\Debug\职工管理系统.exe" /NOLOGO kernel32.lib user32.lib gdi32.lib winspool.lib comdlg32.lib advapi32.lib shell32.lib ole32.lib oleaut32.lib uuid.lib odbc32.lib odbccp32.lib /MANIFEST /ManifestFile:"Debug\职工管理系统.exe.intermediate.manifest" /MANIFESTUAC:"level='asInvoker' uiAccess='false'" /DEBUG /PDB:"D:\c++\vs\职工管理系统\Debug\职工管理系统.pdb" /TLBID:1 /DYNAMICBASE /NXCOMPAT /IMPLIB:"D:\c++\vs\职工管理系统\Debug\职工管理系统.lib" /MACHINE:X86 "Debug\Class Base.obj"
         "Debug\Class Boss.obj"
         "Debug\Class Employee.obj"
         "Debug\Class Manger.obj"
         "Debug\Function exit.obj"
         Debug\Invoke.obj
         Debug\Main.obj
         Debug\meun.obj
         LINK : 没有找到 D:\c++\vs\职工管理系统\Debug\职工管理系统.exe 或上一个增量链接没有生成它；正在执行完全链接
         职工管理系统.vcxproj -> D:\c++\vs\职工管理系统\Debug\职工管理系统.exe
       Manifest:
         C:\Program Files (x86)\Microsoft SDKs\Windows\v7.0A\bin\mt.exe /nologo /verbose /outputresource:"D:\c++\vs\职工管理系统\Debug\职工管理系统.exe;#1" /manifest "Debug\职工管理系统.exe.intermediate.manifest"
       FinalizeBuildStatus:
         正在删除文件“Debug\职工管理系统.unsuccessfulbuild”。
         正在对“Debug\职工管理系统.lastbuildstate”执行 Touch 任务。
     1>已完成生成项目“D:\c++\vs\职工管理系统\职工管理系统\职工管理系统.vcxproj”(build 个目标)的操作。

生成成功。

已用时间 00:00:00.61
