生成启动时间为 2023/8/20 10:53:39。
     1>项目“D:\c++\vs\职业管理系统 模仿版\职业管理系统 模仿版\职业管理系统 模仿版.vcxproj”在节点 2 上(build 个目标)。
     1>InitializeBuildStatus:
         正在创建“Debug\职业管理系统 模仿版.unsuccessfulbuild”，因为已指定“AlwaysCreate”。
       ClCompile:
         d:\Program Files (x86)\Microsoft Visual Studio 10.0\VC\bin\CL.exe /c /ZI /nologo /W3 /WX- /Od /Oy- /D _UNICODE /D UNICODE /Gm /EHsc /RTC1 /MDd /GS /fp:precise /Zc:wchar_t /Zc:forScope /Fo"Debug\\" /Fd"Debug\vc100.pdb" /Gd /TP /analyze- /errorReport:prompt "职工管理系统.cpp"
         职工管理系统.cpp
       Link:
         d:\Program Files (x86)\Microsoft Visual Studio 10.0\VC\bin\link.exe /ERRORREPORT:PROMPT /OUT:"D:\c++\vs\职业管理系统 模仿版\Debug\职业管理系统 模仿版.exe" /NOLOGO kernel32.lib user32.lib gdi32.lib winspool.lib comdlg32.lib advapi32.lib shell32.lib ole32.lib oleaut32.lib uuid.lib odbc32.lib odbccp32.lib /MANIFEST /ManifestFile:"Debug\职业管理系统 模仿版.exe.intermediate.manifest" /MANIFESTUAC:"level='asInvoker' uiAccess='false'" /DEBUG /PDB:"D:\c++\vs\职业管理系统 模仿版\Debug\职业管理系统 模仿版.pdb" /TLBID:1 /DYNAMICBASE /NXCOMPAT /IMPLIB:"D:\c++\vs\职业管理系统 模仿版\Debug\职业管理系统 模仿版.lib" /MACHINE:X86 Debug\boss.obj
         Debug\employee.obj
         Debug\manger.obj
         Debug\workerManager.obj
         "Debug\职工管理系统.obj"
         LINK : 没有找到 D:\c++\vs\职业管理系统 模仿版\Debug\职业管理系统 模仿版.exe 或上一个增量链接没有生成它；正在执行完全链接
         职业管理系统 模仿版.vcxproj -> D:\c++\vs\职业管理系统 模仿版\Debug\职业管理系统 模仿版.exe
       Manifest:
         C:\Program Files (x86)\Microsoft SDKs\Windows\v7.0A\bin\mt.exe /nologo /verbose /outputresource:"D:\c++\vs\职业管理系统 模仿版\Debug\职业管理系统 模仿版.exe;#1" /manifest "Debug\职业管理系统 模仿版.exe.intermediate.manifest"
       FinalizeBuildStatus:
         正在删除文件“Debug\职业管理系统 模仿版.unsuccessfulbuild”。
         正在对“Debug\职业管理系统 模仿版.lastbuildstate”执行 Touch 任务。
     1>已完成生成项目“D:\c++\vs\职业管理系统 模仿版\职业管理系统 模仿版\职业管理系统 模仿版.vcxproj”(build 个目标)的操作。

生成成功。

已用时间 00:00:00.60
